// 重构日志: ab1a24d0
// 重构日志: 0e01681d
// 重构日志: bcaa31df
// 重构日志: 4b95654e
// 重构日志: 35f6ae49
// 重构日志: cb89bc4c
// 同步 ID: 4537be4b @ Fri Jul 17 07:57:29 UTC 2026
// 重构日志: fa3a6608
// 同步 ID: f8cba3ab @ Fri Jul 17 16:10:19 UTC 2026
// 同步 ID: 5bd74891 @ Sat Jul 18 09:26:17 UTC 2026
// 重构日志: 1c548086
// 同步 ID: db0e6777 @ Sat Jul 18 14:28:07 UTC 2026
// 同步 ID: cc66db54 @ Sat Jul 18 15:47:45 UTC 2026
// 重构日志: f203df91
// 重构日志: 5fb5b386
// 重构日志: a5398f45
// 重构日志: b5ad9429
// 同步 ID: e901808f @ Sun Jul 19 18:10:11 UTC 2026
// 重构日志: d78794c4
// 重构日志: 40b5673d
// 同步 ID: fb812f02 @ Tue Jul 21 05:37:27 UTC 2026
// 同步 ID: 535e37e1 @ Tue Jul 21 17:15:36 UTC 2026
// 重构日志: eccb9e39
// 重构日志: 359689f1
// 重构日志: 35df65be
// 重构日志: 47d7f2a8
// 重构日志: 911c3342
// 同步 ID: 655efdfe @ Thu Jul 23 12:30:11 UTC 2026
// 重构日志: 5d8214fb
// 同步 ID: c94d29a0 @ Thu Jul 23 18:02:21 UTC 2026
